2025-02-06 21:36:47 - INFO - Start
2025-02-06 21:37:24 - INFO - Start
2025-02-06 21:37:27 - INFO - Total products (for testing): 100
2025-02-06 21:37:27 - INFO - Product ID: 174287389
2025-02-06 21:37:27 - INFO - Rate limit hit. Retrying after 9 seconds...
2025-02-06 21:37:27 - INFO - Product ID: 160814241
2025-02-06 21:37:27 - INFO - Rate limit hit. Retrying after 6 seconds...
2025-02-06 21:37:27 - INFO - Product ID: 157943579
2025-02-06 21:37:27 - INFO - Rate limit hit. Retrying after 7 seconds...
2025-02-06 21:37:27 - INFO - Product ID: 214008360
2025-02-06 21:37:27 - INFO - Rate limit hit. Retrying after 4 seconds...
2025-02-06 21:37:27 - INFO - Product ID: 153413535
2025-02-06 21:37:27 - INFO - Rate limit hit. Retrying after 5 seconds...
2025-02-06 21:37:27 - INFO - Product ID: 1391347
2025-02-06 21:37:27 - INFO - Rate limit hit. Retrying after 5 seconds...
2025-02-06 21:37:27 - INFO - Product ID: 43755849
2025-02-06 21:37:27 - INFO - Rate limit hit. Retrying after 9 seconds...
2025-02-06 21:37:27 - INFO - Product ID: 245323425
2025-02-06 21:37:27 - INFO - Rate limit hit. Retrying after 7 seconds...
2025-02-06 21:37:27 - INFO - Product ID: 213678772
2025-02-06 21:37:27 - INFO - Rate limit hit. Retrying after 4 seconds...
2025-02-06 21:37:27 - INFO - Product ID: 174280494
2025-02-06 21:37:27 - INFO - Rate limit hit. Retrying after 4 seconds...
2025-02-06 21:37:27 - INFO - Product ID: 158210295
2025-02-06 21:37:27 - INFO - Rate limit hit. Retrying after 8 seconds...
2025-02-06 21:37:27 - INFO - Product ID: 51844790
2025-02-06 21:37:27 - INFO - Rate limit hit. Retrying after 9 seconds...
2025-02-06 21:37:27 - INFO - Product ID: 79709163
2025-02-06 21:37:27 - INFO - Rate limit hit. Retrying after 9 seconds...
2025-02-06 21:37:27 - INFO - Product ID: 212054372
2025-02-06 21:37:27 - INFO - Rate limit hit. Retrying after 5 seconds...
2025-02-06 21:37:27 - INFO - Product ID: 171618108
2025-02-06 21:37:27 - INFO - Rate limit hit. Retrying after 5 seconds...
2025-02-06 21:37:27 - INFO - Product ID: 167750518
2025-02-06 21:37:27 - INFO - Rate limit hit. Retrying after 8 seconds...
2025-02-06 21:37:27 - INFO - Product ID: 170337343
2025-02-06 21:37:27 - INFO - Rate limit hit. Retrying after 7 seconds...
2025-02-06 21:37:27 - INFO - Product ID: 164361837
2025-02-06 21:37:27 - INFO - Rate limit hit. Retrying after 6 seconds...
2025-02-06 21:37:27 - INFO - Product ID: 168663152
2025-02-06 21:37:27 - INFO - Rate limit hit. Retrying after 9 seconds...
2025-02-06 21:37:27 - INFO - Product ID: 36376636
2025-02-06 21:37:27 - INFO - Rate limit hit. Retrying after 4 seconds...
2025-02-06 21:37:27 - INFO - Product ID: 139457475
2025-02-06 21:37:27 - INFO - Rate limit hit. Retrying after 9 seconds...
2025-02-06 21:37:27 - INFO - Product ID: 855162
2025-02-06 21:37:27 - INFO - Rate limit hit. Retrying after 9 seconds...
2025-02-06 21:37:27 - INFO - Product ID: 216178735
2025-02-06 21:37:27 - INFO - Rate limit hit. Retrying after 10 seconds...
2025-02-06 21:37:27 - INFO - Product ID: 145562720
2025-02-06 21:37:27 - INFO - Rate limit hit. Retrying after 7 seconds...
2025-02-06 21:37:27 - INFO - Product ID: 145673600
2025-02-06 21:37:27 - INFO - Rate limit hit. Retrying after 5 seconds...
2025-02-06 21:37:27 - INFO - Product ID: 135390778
2025-02-06 21:37:27 - INFO - Rate limit hit. Retrying after 4 seconds...
2025-02-06 21:37:27 - INFO - Product ID: 214009046
2025-02-06 21:37:27 - INFO - Rate limit hit. Retrying after 3 seconds...
2025-02-06 21:37:27 - INFO - Product ID: 178092987
2025-02-06 21:37:27 - INFO - Rate limit hit. Retrying after 4 seconds...
2025-02-06 21:37:27 - INFO - Product ID: 251546916
2025-02-06 21:37:27 - INFO - Rate limit hit. Retrying after 6 seconds...
2025-02-06 21:37:27 - INFO - Product ID: 196015143
2025-02-06 21:37:27 - INFO - Rate limit hit. Retrying after 10 seconds...
2025-02-06 21:37:27 - INFO - Product ID: 138838287
2025-02-06 21:37:27 - INFO - Rate limit hit. Retrying after 10 seconds...
2025-02-06 21:37:27 - INFO - Product ID: 178596691
2025-02-06 21:37:27 - INFO - Rate limit hit. Retrying after 9 seconds...
2025-02-06 21:37:27 - INFO - Product ID: 253116803
2025-02-06 21:37:27 - INFO - Rate limit hit. Retrying after 5 seconds...
2025-02-06 21:37:37 - INFO - Saved to: products_1.json
2025-02-06 21:37:37 - INFO - Checkpoint saved
2025-02-06 21:37:37 - INFO - END
